<?xml version="1.0" encoding="UTF-8"?>
<!-- Generated by org.testng.reporters.JUnitReportReporter -->
<testsuite skipped="0" hostname="Monica-PC" name="cucumberOptions.TestRunner" tests="3" failures="0" timestamp="11 Jun 2019 14:21:11 GMT" time="236.995" errors="0">
  <testcase name="feature" time="38.799" classname="cucumberOptions.TestRunner"/>
  <testcase name="feature" time="150.016" classname="cucumberOptions.TestRunner"/>
  <testcase name="feature" time="48.180" classname="cucumberOptions.TestRunner"/>
</testsuite> <!-- cucumberOptions.TestRunner -->
